<?xml version="1.0" encoding="UTF-8"?>
<!-- Generated by org.testng.reporters.JUnitReportReporter -->
<testsuite hostname="HARIKA-PC" name="com.technocredits.gitPrac.HarikaTest" tests="1" failures="0" timestamp="8 Dec 2018 18:21:46 GMT" time="19.747" errors="0">
  <testcase name="AutoComplete" time="19.747" classname="com.technocredits.gitPrac.HarikaTest"/>
</testsuite> <!-- com.technocredits.gitPrac.HarikaTest -->
