<?xml version="1.0" encoding="UTF-8"?>
<!-- Generated by org.testng.reporters.JUnitReportReporter -->
<testsuite hostname="Av-Pn-BhatP" name="com.technocredits.gitPrac.PriyankaBhatTestClasses" tests="2" failures="0" timestamp="9 Dec 2018 00:01:34 GMT" time="8.626" errors="0">
  <testcase name="autocomplete" time="8.614" classname="com.technocredits.gitPrac.PriyankaBhatTestClasses"/>
  <testcase name="verifyTitle" time="0.012" classname="com.technocredits.gitPrac.PriyankaBhatTestClasses"/>
</testsuite> <!-- com.technocredits.gitPrac.PriyankaBhatTestClasses -->
